This file contains any messages produced by compilers while
running configure, to aid debugging if configure makes a mistake.

It was created by configure, which was
generated by GNU Autoconf 2.63.  Invocation command line was

  $ ./configure --enable-maintainer-mode

## --------- ##
## Platform. ##
## --------- ##

hostname = zhwenxu
uname -m = i686
uname -r = 2.6.30-1-686
uname -s = Linux
uname -v = #1 SMP Sat Jul 18 14:00:34 UTC 2009

/usr/bin/uname -p = unknown
/bin/uname -X     = unknown

/bin/arch              = unknown
/usr/bin/arch -k       = unknown
/usr/convex/getsysinfo = unknown
/usr/bin/hostinfo      = unknown
/bin/machine           = unknown
/usr/bin/oslevel       = unknown
/bin/universe          = unknown

PATH: /usr/local/bin
PATH: /usr/bin
PATH: /bin
PATH: /usr/games
PATH: /home/helight/arm-linux-gcc/3.4.1/bin


## ----------- ##
## Core tests. ##
## ----------- ##

configure:1890: checking for a BSD-compatible install
configure:1958: result: /usr/bin/install -c
configure:1969: checking whether build environment is sane
configure:2012: result: yes
configure:2037: checking for a thread-safe mkdir -p
configure:2076: result: /bin/mkdir -p
configure:2089: checking for gawk
configure:2119: result: no
configure:2089: checking for mawk
configure:2105: found /usr/bin/mawk
configure:2116: result: mawk
configure:2127: checking whether make sets $(MAKE)
configure:2149: result: yes
configure:2335: checking whether to enable maintainer-specific portions of Makefiles
configure:2344: result: yes
configure:2370: checking for style of include used by make
configure:2398: result: GNU
configure:2468: checking for gcc
configure:2484: found /usr/bin/gcc
configure:2495: result: gcc
configure:2727: checking for C compiler version
configure:2735: gcc --version >&5
gcc (Debian 4.3.3-10) 4.3.3
Copyright (C) 2008 Free Software Foundation, Inc.
This is free software; see the source for copying conditions.  There is NO
warranty; not even for MERCHANTABILITY or FITNESS FOR A PARTICULAR PURPOSE.

configure:2739: $? = 0
configure:2746: gcc -v >&5
Using built-in specs.
Target: i486-linux-gnu
Configured with: ../src/configure -v --with-pkgversion='Debian 4.3.3-10' --with-bugurl=file:///usr/share/doc/gcc-4.3/README.Bugs --enable-languages=c,c++,fortran,objc,obj-c++ --prefix=/usr --enable-shared --enable-multiarch --with-system-zlib --libexecdir=/usr/lib --without-included-gettext --enable-threads=posix --enable-nls --with-gxx-include-dir=/usr/include/c++/4.3 --program-suffix=-4.3 --enable-clocale=gnu --enable-libstdcxx-debug --enable-objc-gc --enable-mpfr --enable-targets=all --with-tune=generic --enable-checking=release --build=i486-linux-gnu --host=i486-linux-gnu --target=i486-linux-gnu
Thread model: posix
gcc version 4.3.3 (Debian 4.3.3-10) 
configure:2750: $? = 0
configure:2757: gcc -V >&5
gcc: '-V' option must have argument
configure:2761: $? = 1
configure:2784: checking for C compiler default output file name
configure:2806: gcc    conftest.c  >&5
configure:2810: $? = 0
configure:2848: result: a.out
configure:2867: checking whether the C compiler works
configure:2877: ./a.out
configure:2881: $? = 0
configure:2900: result: yes
configure:2907: checking whether we are cross compiling
configure:2909: result: no
configure:2912: checking for suffix of executables
configure:2919: gcc -o conftest    conftest.c  >&5
configure:2923: $? = 0
configure:2949: result: 
configure:2955: checking for suffix of object files
configure:2981: gcc -c   conftest.c >&5
configure:2985: $? = 0
configure:3010: result: o
configure:3014: checking whether we are using the GNU C compiler
configure:3043: gcc -c   conftest.c >&5
configure:3050: $? = 0
configure:3067: result: yes
configure:3076: checking whether gcc accepts -g
configure:3106: gcc -c -g  conftest.c >&5
configure:3113: $? = 0
configure:3214: result: yes
configure:3231: checking for gcc option to accept ISO C89
configure:3305: gcc  -c -g -O2  conftest.c >&5
configure:3312: $? = 0
configure:3335: result: none needed
configure:3355: checking dependency style of gcc
configure:3446: result: gcc3
configure:3462: checking for library containing strerror
configure:3503: gcc -o conftest -g -O2   conftest.c  >&5
configure:3510: $? = 0
configure:3541: result: none required
configure:3597: checking for gcc
configure:3624: result: gcc
configure:3856: checking for C compiler version
configure:3864: gcc --version >&5
gcc (Debian 4.3.3-10) 4.3.3
Copyright (C) 2008 Free Software Foundation, Inc.
This is free software; see the source for copying conditions.  There is NO
warranty; not even for MERCHANTABILITY or FITNESS FOR A PARTICULAR PURPOSE.

configure:3868: $? = 0
configure:3875: gcc -v >&5
Using built-in specs.
Target: i486-linux-gnu
Configured with: ../src/configure -v --with-pkgversion='Debian 4.3.3-10' --with-bugurl=file:///usr/share/doc/gcc-4.3/README.Bugs --enable-languages=c,c++,fortran,objc,obj-c++ --prefix=/usr --enable-shared --enable-multiarch --with-system-zlib --libexecdir=/usr/lib --without-included-gettext --enable-threads=posix --enable-nls --with-gxx-include-dir=/usr/include/c++/4.3 --program-suffix=-4.3 --enable-clocale=gnu --enable-libstdcxx-debug --enable-objc-gc --enable-mpfr --enable-targets=all --with-tune=generic --enable-checking=release --build=i486-linux-gnu --host=i486-linux-gnu --target=i486-linux-gnu
Thread model: posix
gcc version 4.3.3 (Debian 4.3.3-10) 
configure:3879: $? = 0
configure:3886: gcc -V >&5
gcc: '-V' option must have argument
configure:3890: $? = 1
configure:3893: checking whether we are using the GNU C compiler
configure:3946: result: yes
configure:3955: checking whether gcc accepts -g
configure:4093: result: yes
configure:4110: checking for gcc option to accept ISO C89
configure:4214: result: none needed
configure:4234: checking dependency style of gcc
configure:4325: result: gcc3
configure:4388: checking for gcc
configure:4415: result: gcc
configure:4647: checking for C compiler version
configure:4655: gcc --version >&5
gcc (Debian 4.3.3-10) 4.3.3
Copyright (C) 2008 Free Software Foundation, Inc.
This is free software; see the source for copying conditions.  There is NO
warranty; not even for MERCHANTABILITY or FITNESS FOR A PARTICULAR PURPOSE.

configure:4659: $? = 0
configure:4666: gcc -v >&5
Using built-in specs.
Target: i486-linux-gnu
Configured with: ../src/configure -v --with-pkgversion='Debian 4.3.3-10' --with-bugurl=file:///usr/share/doc/gcc-4.3/README.Bugs --enable-languages=c,c++,fortran,objc,obj-c++ --prefix=/usr --enable-shared --enable-multiarch --with-system-zlib --libexecdir=/usr/lib --without-included-gettext --enable-threads=posix --enable-nls --with-gxx-include-dir=/usr/include/c++/4.3 --program-suffix=-4.3 --enable-clocale=gnu --enable-libstdcxx-debug --enable-objc-gc --enable-mpfr --enable-targets=all --with-tune=generic --enable-checking=release --build=i486-linux-gnu --host=i486-linux-gnu --target=i486-linux-gnu
Thread model: posix
gcc version 4.3.3 (Debian 4.3.3-10) 
configure:4670: $? = 0
configure:4677: gcc -V >&5
gcc: '-V' option must have argument
configure:4681: $? = 1
configure:4684: checking whether we are using the GNU C compiler
configure:4737: result: yes
configure:4746: checking whether gcc accepts -g
configure:4884: result: yes
configure:4901: checking for gcc option to accept ISO C89
configure:5005: result: none needed
configure:5025: checking dependency style of gcc
configure:5116: result: gcc3
configure:5139: checking how to run the C preprocessor
configure:5179: gcc -E  conftest.c
configure:5186: $? = 0
configure:5217: gcc -E  conftest.c
conftest.c:10:28: error: ac_nonexistent.h: No such file or directory
configure:5224: $? = 1
configure: failed program was:
| /* confdefs.h.  */
| #define PACKAGE_NAME ""
| #define PACKAGE_TARNAME ""
| #define PACKAGE_VERSION ""
| #define PACKAGE_STRING ""
| #define PACKAGE_BUGREPORT ""
| #define PACKAGE "xcomtool"
| #define VERSION "0.1"
| /* end confdefs.h.  */
| #include <ac_nonexistent.h>
configure:5257: result: gcc -E
configure:5286: gcc -E  conftest.c
configure:5293: $? = 0
configure:5324: gcc -E  conftest.c
conftest.c:10:28: error: ac_nonexistent.h: No such file or directory
configure:5331: $? = 1
configure: failed program was:
| /* confdefs.h.  */
| #define PACKAGE_NAME ""
| #define PACKAGE_TARNAME ""
| #define PACKAGE_VERSION ""
| #define PACKAGE_STRING ""
| #define PACKAGE_BUGREPORT ""
| #define PACKAGE "xcomtool"
| #define VERSION "0.1"
| /* end confdefs.h.  */
| #include <ac_nonexistent.h>
configure:5371: checking for grep that handles long lines and -e
configure:5431: result: /bin/grep
configure:5436: checking for egrep
configure:5500: result: /bin/grep -E
configure:5505: checking for ANSI C header files
configure:5535: gcc -c -g -O2  conftest.c >&5
configure:5542: $? = 0
configure:5641: gcc -o conftest -g -O2   conftest.c  >&5
configure:5645: $? = 0
configure:5651: ./conftest
configure:5655: $? = 0
configure:5673: result: yes
configure:5734: checking for pkg-config
configure:5752: found /usr/bin/pkg-config
configure:5764: result: /usr/bin/pkg-config
configure:5789: checking pkg-config is at least version 0.9.0
configure:5792: result: yes
configure:5803: checking for PACKAGE
configure:5811: $PKG_CONFIG --exists --print-errors "$pkg_modules"
configure:5814: $? = 0
configure:5829: $PKG_CONFIG --exists --print-errors "$pkg_modules"
configure:5832: $? = 0
configure:5910: result: yes
configure:5940: checking for sys/types.h
configure:5961: gcc -c -g -O2  conftest.c >&5
configure:5968: $? = 0
configure:5985: result: yes
configure:5940: checking for sys/stat.h
configure:5961: gcc -c -g -O2  conftest.c >&5
configure:5968: $? = 0
configure:5985: result: yes
configure:5940: checking for stdlib.h
configure:5961: gcc -c -g -O2  conftest.c >&5
configure:5968: $? = 0
configure:5985: result: yes
configure:5940: checking for string.h
configure:5961: gcc -c -g -O2  conftest.c >&5
configure:5968: $? = 0
configure:5985: result: yes
configure:5940: checking for memory.h
configure:5961: gcc -c -g -O2  conftest.c >&5
configure:5968: $? = 0
configure:5985: result: yes
configure:5940: checking for strings.h
configure:5961: gcc -c -g -O2  conftest.c >&5
configure:5968: $? = 0
configure:5985: result: yes
configure:5940: checking for inttypes.h
configure:5961: gcc -c -g -O2  conftest.c >&5
configure:5968: $? = 0
configure:5985: result: yes
configure:5940: checking for stdint.h
configure:5961: gcc -c -g -O2  conftest.c >&5
configure:5968: $? = 0
configure:5985: result: yes
configure:5940: checking for unistd.h
configure:5961: gcc -c -g -O2  conftest.c >&5
configure:5968: $? = 0
configure:5985: result: yes
configure:6016: checking locale.h usability
configure:6033: gcc -c -g -O2  conftest.c >&5
configure:6040: $? = 0
configure:6054: result: yes
configure:6058: checking locale.h presence
configure:6073: gcc -E  conftest.c
configure:6080: $? = 0
configure:6094: result: yes
configure:6122: checking for locale.h
configure:6131: result: yes
configure:6147: checking for LC_MESSAGES
configure:6173: gcc -o conftest -g -O2   conftest.c  >&5
configure:6180: $? = 0
configure:6200: result: yes
configure:6229: checking libintl.h usability
configure:6246: gcc -c -g -O2  conftest.c >&5
configure:6253: $? = 0
configure:6267: result: yes
configure:6271: checking libintl.h presence
configure:6286: gcc -E  conftest.c
configure:6293: $? = 0
configure:6307: result: yes
configure:6335: checking for libintl.h
configure:6342: result: yes
configure:6353: checking for ngettext in libc
configure:6381: gcc -o conftest -g -O2   conftest.c  >&5
configure:6388: $? = 0
configure:6409: result: yes
configure:6413: checking for dgettext in libc
configure:6441: gcc -o conftest -g -O2   conftest.c  >&5
configure:6448: $? = 0
configure:6469: result: yes
configure:6478: checking for bind_textdomain_codeset
configure:6534: gcc -o conftest -g -O2   conftest.c  >&5
configure:6541: $? = 0
configure:6563: result: yes
configure:7079: checking for msgfmt
configure:7106: result: /usr/bin/msgfmt
configure:7119: checking for dcgettext
configure:7175: gcc -o conftest -g -O2   conftest.c   >&5
conftest.c:48: warning: conflicting types for built-in function 'dcgettext'
configure:7182: $? = 0
configure:7204: result: yes
configure:7217: checking if msgfmt accepts -c
configure:7232: $MSGFMT -c -o /dev/null conftest.foo
configure:7235: $? = 0
configure:7237: result: yes
configure:7247: checking for gmsgfmt
configure:7278: result: /usr/bin/msgfmt
configure:7288: checking for xgettext
configure:7315: result: /usr/bin/xgettext
configure:7344: gcc -o conftest -g -O2   conftest.c   >&5
configure:7351: $? = 0
configure:7724: creating ./config.status

## ---------------------- ##
## Running config.status. ##
## ---------------------- ##

This file was extended by config.status, which was
generated by GNU Autoconf 2.63.  Invocation command line was

  CONFIG_FILES    = 
  CONFIG_HEADERS  = 
  CONFIG_LINKS    = 
  CONFIG_COMMANDS = 
  $ ./config.status 

on zhwenxu

config.status:805: creating Makefile
config.status:805: creating src/Makefile
config.status:805: creating po/Makefile.in
config.status:805: creating config.h
config.status:1027: config.h is unchanged
config.status:1079: executing depfiles commands
config.status:1079: executing default-1 commands

## ---------------- ##
## Cache variables. ##
## ---------------- ##

ac_cv_c_compiler_gnu=yes
ac_cv_env_CC_set=
ac_cv_env_CC_value=
ac_cv_env_CFLAGS_set=
ac_cv_env_CFLAGS_value=
ac_cv_env_CPPFLAGS_set=
ac_cv_env_CPPFLAGS_value=
ac_cv_env_CPP_set=
ac_cv_env_CPP_value=
ac_cv_env_LDFLAGS_set=
ac_cv_env_LDFLAGS_value=
ac_cv_env_LIBS_set=
ac_cv_env_LIBS_value=
ac_cv_env_PACKAGE_CFLAGS_set=
ac_cv_env_PACKAGE_CFLAGS_value=
ac_cv_env_PACKAGE_LIBS_set=
ac_cv_env_PACKAGE_LIBS_value=
ac_cv_env_PKG_CONFIG_set=
ac_cv_env_PKG_CONFIG_value=
ac_cv_env_build_alias_set=
ac_cv_env_build_alias_value=
ac_cv_env_host_alias_set=
ac_cv_env_host_alias_value=
ac_cv_env_target_alias_set=
ac_cv_env_target_alias_value=
ac_cv_func_bind_textdomain_codeset=yes
ac_cv_func_dcgettext=yes
ac_cv_header_inttypes_h=yes
ac_cv_header_libintl_h=yes
ac_cv_header_locale_h=yes
ac_cv_header_memory_h=yes
ac_cv_header_stdc=yes
ac_cv_header_stdint_h=yes
ac_cv_header_stdlib_h=yes
ac_cv_header_string_h=yes
ac_cv_header_strings_h=yes
ac_cv_header_sys_stat_h=yes
ac_cv_header_sys_types_h=yes
ac_cv_header_unistd_h=yes
ac_cv_objext=o
ac_cv_path_EGREP='/bin/grep -E'
ac_cv_path_GMSGFMT=/usr/bin/msgfmt
ac_cv_path_GREP=/bin/grep
ac_cv_path_MSGFMT=/usr/bin/msgfmt
ac_cv_path_XGETTEXT=/usr/bin/xgettext
ac_cv_path_ac_pt_PKG_CONFIG=/usr/bin/pkg-config
ac_cv_path_install='/usr/bin/install -c'
ac_cv_path_mkdir=/bin/mkdir
ac_cv_prog_AWK=mawk
ac_cv_prog_CPP='gcc -E'
ac_cv_prog_ac_ct_CC=gcc
ac_cv_prog_cc_c89=
ac_cv_prog_cc_g=yes
ac_cv_prog_make_make_set=yes
ac_cv_search_strerror='none required'
am_cv_CC_dependencies_compiler_type=gcc3
am_cv_prog_cc_stdc=
am_cv_val_LC_MESSAGES=yes
gt_cv_func_dgettext_libc=yes
gt_cv_func_dgettext_libintl=no
gt_cv_func_ngettext_libc=yes
gt_cv_have_gettext=yes
pkg_cv_PACKAGE_CFLAGS='-D_REENTRANT -pthread -I/usr/include/gtk-2.0 -I/usr/lib/gtk-2.0/include -I/usr/include/atk-1.0 -I/usr/include/cairo -I/usr/include/pango-1.0 -I/usr/include/pixman-1 -I/usr/include/freetype2 -I/usr/include/directfb -I/usr/include/libpng12 -I/usr/include/glib-2.0 -I/usr/lib/glib-2.0/include  '
pkg_cv_PACKAGE_LIBS='-pthread -lgthread-2.0 -lrt -lvte -lgtk-x11-2.0 -lgdk-x11-2.0 -latk-1.0 -lpangoft2-1.0 -lgdk_pixbuf-2.0 -lm -lpangocairo-1.0 -lgio-2.0 -lcairo -lpango-1.0 -lfreetype -lfontconfig -lgobject-2.0 -lgmodule-2.0 -lglib-2.0  '

## ----------------- ##
## Output variables. ##
## ----------------- ##

ACLOCAL='${SHELL} /home/helight/project/xgserie/missing --run aclocal-1.10'
AMDEPBACKSLASH='\'
AMDEP_FALSE='#'
AMDEP_TRUE=''
AMTAR='${SHELL} /home/helight/project/xgserie/missing --run tar'
AUTOCONF='${SHELL} /home/helight/project/xgserie/missing --run autoconf'
AUTOHEADER='${SHELL} /home/helight/project/xgserie/missing --run autoheader'
AUTOMAKE='${SHELL} /home/helight/project/xgserie/missing --run automake-1.10'
AWK='mawk'
CATALOGS=''
CATOBJEXT='.gmo'
CC='gcc'
CCDEPMODE='depmode=gcc3'
CFLAGS='-g -O2'
CPP='gcc -E'
CPPFLAGS=''
CYGPATH_W='echo'
DATADIRNAME='share'
DEFS='-DHAVE_CONFIG_H'
DEPDIR='.deps'
ECHO_C=''
ECHO_N='-n'
ECHO_T=''
EGREP='/bin/grep -E'
EXEEXT=''
GETTEXT_PACKAGE='xcomtool'
GMOFILES=''
GMSGFMT='/usr/bin/msgfmt'
GREP='/bin/grep'
INSTALL_DATA='${INSTALL} -m 644'
INSTALL_PROGRAM='${INSTALL}'
INSTALL_SCRIPT='${INSTALL}'
INSTALL_STRIP_PROGRAM='$(install_sh) -c -s'
INSTOBJEXT='.mo'
INTLLIBS=''
LDFLAGS=''
LIBOBJS=''
LIBS=''
LTLIBOBJS=''
MAINT=''
MAINTAINER_MODE_FALSE='#'
MAINTAINER_MODE_TRUE=''
MAKEINFO='${SHELL} /home/helight/project/xgserie/missing --run makeinfo'
MKDIR_P='/bin/mkdir -p'
MKINSTALLDIRS='./mkinstalldirs'
MSGFMT='/usr/bin/msgfmt'
MSGFMT_OPTS='-c'
OBJEXT='o'
PACKAGE='xcomtool'
PACKAGE_BUGREPORT=''
PACKAGE_CFLAGS='-D_REENTRANT -pthread -I/usr/include/gtk-2.0 -I/usr/lib/gtk-2.0/include -I/usr/include/atk-1.0 -I/usr/include/cairo -I/usr/include/pango-1.0 -I/usr/include/pixman-1 -I/usr/include/freetype2 -I/usr/include/directfb -I/usr/include/libpng12 -I/usr/include/glib-2.0 -I/usr/lib/glib-2.0/include  '
PACKAGE_LIBS='-pthread -lgthread-2.0 -lrt -lvte -lgtk-x11-2.0 -lgdk-x11-2.0 -latk-1.0 -lpangoft2-1.0 -lgdk_pixbuf-2.0 -lm -lpangocairo-1.0 -lgio-2.0 -lcairo -lpango-1.0 -lfreetype -lfontconfig -lgobject-2.0 -lgmodule-2.0 -lglib-2.0  '
PACKAGE_NAME=''
PACKAGE_STRING=''
PACKAGE_TARNAME=''
PACKAGE_VERSION=''
PATH_SEPARATOR=':'
PKG_CONFIG='/usr/bin/pkg-config'
POFILES=''
POSUB='po'
PO_IN_DATADIR_FALSE=''
PO_IN_DATADIR_TRUE=''
SET_MAKE=''
SHELL='/bin/sh'
STRIP=''
USE_NLS='yes'
VERSION='0.1'
XGETTEXT='/usr/bin/xgettext'
ac_ct_CC='gcc'
am__fastdepCC_FALSE='#'
am__fastdepCC_TRUE=''
am__include='include'
am__isrc=''
am__leading_dot='.'
am__quote=''
am__tar='${AMTAR} chof - "$$tardir"'
am__untar='${AMTAR} xf -'
bindir='${exec_prefix}/bin'
build_alias=''
datadir='${datarootdir}'
datarootdir='${prefix}/share'
docdir='${datarootdir}/doc/${PACKAGE}'
dvidir='${docdir}'
exec_prefix='${prefix}'
host_alias=''
htmldir='${docdir}'
includedir='${prefix}/include'
infodir='${datarootdir}/info'
install_sh='$(SHELL) /home/helight/project/xgserie/install-sh'
libdir='${exec_prefix}/lib'
libexecdir='${exec_prefix}/libexec'
localedir='${datarootdir}/locale'
localstatedir='${prefix}/var'
mandir='${datarootdir}/man'
mkdir_p='/bin/mkdir -p'
oldincludedir='/usr/include'
pdfdir='${docdir}'
prefix='/usr/local'
program_transform_name='s,x,x,'
psdir='${docdir}'
sbindir='${exec_prefix}/sbin'
sharedstatedir='${prefix}/com'
sysconfdir='${prefix}/etc'
target_alias=''

## ----------- ##
## confdefs.h. ##
## ----------- ##

#define PACKAGE_NAME ""
#define PACKAGE_TARNAME ""
#define PACKAGE_VERSION ""
#define PACKAGE_STRING ""
#define PACKAGE_BUGREPORT ""
#define PACKAGE "xcomtool"
#define VERSION "0.1"
#define STDC_HEADERS 1
#define GETTEXT_PACKAGE "xcomtool"
#define HAVE_SYS_TYPES_H 1
#define HAVE_SYS_STAT_H 1
#define HAVE_STDLIB_H 1
#define HAVE_STRING_H 1
#define HAVE_MEMORY_H 1
#define HAVE_STRINGS_H 1
#define HAVE_INTTYPES_H 1
#define HAVE_STDINT_H 1
#define HAVE_UNISTD_H 1
#define HAVE_LOCALE_H 1
#define HAVE_LC_MESSAGES 1
#define HAVE_BIND_TEXTDOMAIN_CODESET 1
#define HAVE_GETTEXT 1
#define HAVE_DCGETTEXT 1
#define ENABLE_NLS 1

configure: exit 0

## ---------------------- ##
## Running config.status. ##
## ---------------------- ##

This file was extended by config.status, which was
generated by GNU Autoconf 2.63.  Invocation command line was

  CONFIG_FILES    = 
  CONFIG_HEADERS  = 
  CONFIG_LINKS    = 
  CONFIG_COMMANDS = 
  $ ./config.status src/Makefile depfiles

on zhwenxu

config.status:805: creating src/Makefile
config.status:1079: executing depfiles commands
