This file contains any messages produced by compilers while
running configure, to aid debugging if configure makes a mistake.

It was created by configure, which was
generated by GNU Autoconf 2.64.  Invocation command line was

  $ ./configure --enable-maintainer-mode --no-create --no-recursion

## --------- ##
## Platform. ##
## --------- ##

hostname = zhwen
uname -m = i686
uname -r = 2.6.30-2-686
uname -s = Linux
uname -v = #1 SMP Sat Sep 26 01:16:22 UTC 2009

/usr/bin/uname -p = unknown
/bin/uname -X     = unknown

/bin/arch              = unknown
/usr/bin/arch -k       = unknown
/usr/convex/getsysinfo = unknown
/usr/bin/hostinfo      = unknown
/bin/machine           = unknown
/usr/bin/oslevel       = unknown
/bin/universe          = unknown

PATH: /usr/local/bin
PATH: /usr/bin
PATH: /bin
PATH: /usr/games


## ----------- ##
## Core tests. ##
## ----------- ##

configure:2166: checking for a BSD-compatible install
configure:2234: result: /usr/bin/install -c
configure:2245: checking whether build environment is sane
configure:2295: result: yes
configure:2436: checking for a thread-safe mkdir -p
configure:2475: result: /bin/mkdir -p
configure:2488: checking for gawk
configure:2504: found /usr/bin/gawk
configure:2515: result: gawk
configure:2526: checking whether make sets $(MAKE)
configure:2548: result: yes
configure:2631: checking whether to enable maintainer-specific portions of Makefiles
configure:2640: result: yes
configure:2666: checking for style of include used by make
configure:2694: result: GNU
configure:2764: checking for gcc
configure:2780: found /usr/bin/gcc
configure:2791: result: gcc
configure:3020: checking for C compiler version
configure:3029: gcc --version >&5
gcc (Debian 4.3.4-5) 4.3.4
Copyright (C) 2008 Free Software Foundation, Inc.
This is free software; see the source for copying conditions.  There is NO
warranty; not even for MERCHANTABILITY or FITNESS FOR A PARTICULAR PURPOSE.

configure:3040: $? = 0
configure:3029: gcc -v >&5
Using built-in specs.
Target: i486-linux-gnu
Configured with: ../src/configure -v --with-pkgversion='Debian 4.3.4-5' --with-bugurl=file:///usr/share/doc/gcc-4.3/README.Bugs --enable-languages=c,c++,fortran,objc,obj-c++ --prefix=/usr --enable-shared --enable-multiarch --enable-linker-build-id --with-system-zlib --libexecdir=/usr/lib --without-included-gettext --enable-threads=posix --enable-nls --with-gxx-include-dir=/usr/include/c++/4.3 --program-suffix=-4.3 --enable-clocale=gnu --enable-libstdcxx-debug --enable-objc-gc --enable-mpfr --enable-targets=all --with-tune=generic --enable-checking=release --build=i486-linux-gnu --host=i486-linux-gnu --target=i486-linux-gnu
Thread model: posix
gcc version 4.3.4 (Debian 4.3.4-5) 
configure:3040: $? = 0
configure:3029: gcc -V >&5
gcc: '-V' option must have argument
configure:3040: $? = 1
configure:3029: gcc -qversion >&5
gcc: unrecognized option '-qversion'
gcc: no input files
configure:3040: $? = 1
configure:3062: checking for C compiler default output file name
configure:3084: gcc    conftest.c  >&5
configure:3088: $? = 0
configure:3125: result: a.out
configure:3141: checking whether the C compiler works
configure:3150: ./a.out
configure:3154: $? = 0
configure:3169: result: yes
configure:3176: checking whether we are cross compiling
configure:3178: result: no
configure:3181: checking for suffix of executables
configure:3188: gcc -o conftest    conftest.c  >&5
configure:3192: $? = 0
configure:3214: result: 
configure:3220: checking for suffix of object files
configure:3242: gcc -c   conftest.c >&5
configure:3246: $? = 0
configure:3267: result: o
configure:3271: checking whether we are using the GNU C compiler
configure:3290: gcc -c   conftest.c >&5
configure:3290: $? = 0
configure:3299: result: yes
configure:3308: checking whether gcc accepts -g
configure:3328: gcc -c -g  conftest.c >&5
configure:3328: $? = 0
configure:3369: result: yes
configure:3386: checking for gcc option to accept ISO C89
configure:3450: gcc  -c -g -O2  conftest.c >&5
configure:3450: $? = 0
configure:3463: result: none needed
configure:3485: checking dependency style of gcc
configure:3595: result: gcc3
configure:3611: checking for library containing strerror
configure:3642: gcc -o conftest -g -O2   conftest.c  >&5
configure:3642: $? = 0
configure:3659: result: none required
configure:3715: checking for gcc
configure:3742: result: gcc
configure:3971: checking for C compiler version
configure:3980: gcc --version >&5
gcc (Debian 4.3.4-5) 4.3.4
Copyright (C) 2008 Free Software Foundation, Inc.
This is free software; see the source for copying conditions.  There is NO
warranty; not even for MERCHANTABILITY or FITNESS FOR A PARTICULAR PURPOSE.

configure:3991: $? = 0
configure:3980: gcc -v >&5
Using built-in specs.
Target: i486-linux-gnu
Configured with: ../src/configure -v --with-pkgversion='Debian 4.3.4-5' --with-bugurl=file:///usr/share/doc/gcc-4.3/README.Bugs --enable-languages=c,c++,fortran,objc,obj-c++ --prefix=/usr --enable-shared --enable-multiarch --enable-linker-build-id --with-system-zlib --libexecdir=/usr/lib --without-included-gettext --enable-threads=posix --enable-nls --with-gxx-include-dir=/usr/include/c++/4.3 --program-suffix=-4.3 --enable-clocale=gnu --enable-libstdcxx-debug --enable-objc-gc --enable-mpfr --enable-targets=all --with-tune=generic --enable-checking=release --build=i486-linux-gnu --host=i486-linux-gnu --target=i486-linux-gnu
Thread model: posix
gcc version 4.3.4 (Debian 4.3.4-5) 
configure:3991: $? = 0
configure:3980: gcc -V >&5
gcc: '-V' option must have argument
configure:3991: $? = 1
configure:3980: gcc -qversion >&5
gcc: unrecognized option '-qversion'
gcc: no input files
configure:3991: $? = 1
configure:3995: checking whether we are using the GNU C compiler
configure:4023: result: yes
configure:4032: checking whether gcc accepts -g
configure:4093: result: yes
configure:4110: checking for gcc option to accept ISO C89
configure:4187: result: none needed
configure:4209: checking dependency style of gcc
configure:4319: result: gcc3
configure:4382: checking for gcc
configure:4409: result: gcc
configure:4638: checking for C compiler version
configure:4647: gcc --version >&5
gcc (Debian 4.3.4-5) 4.3.4
Copyright (C) 2008 Free Software Foundation, Inc.
This is free software; see the source for copying conditions.  There is NO
warranty; not even for MERCHANTABILITY or FITNESS FOR A PARTICULAR PURPOSE.

configure:4658: $? = 0
configure:4647: gcc -v >&5
Using built-in specs.
Target: i486-linux-gnu
Configured with: ../src/configure -v --with-pkgversion='Debian 4.3.4-5' --with-bugurl=file:///usr/share/doc/gcc-4.3/README.Bugs --enable-languages=c,c++,fortran,objc,obj-c++ --prefix=/usr --enable-shared --enable-multiarch --enable-linker-build-id --with-system-zlib --libexecdir=/usr/lib --without-included-gettext --enable-threads=posix --enable-nls --with-gxx-include-dir=/usr/include/c++/4.3 --program-suffix=-4.3 --enable-clocale=gnu --enable-libstdcxx-debug --enable-objc-gc --enable-mpfr --enable-targets=all --with-tune=generic --enable-checking=release --build=i486-linux-gnu --host=i486-linux-gnu --target=i486-linux-gnu
Thread model: posix
gcc version 4.3.4 (Debian 4.3.4-5) 
configure:4658: $? = 0
configure:4647: gcc -V >&5
gcc: '-V' option must have argument
configure:4658: $? = 1
configure:4647: gcc -qversion >&5
gcc: unrecognized option '-qversion'
gcc: no input files
configure:4658: $? = 1
configure:4662: checking whether we are using the GNU C compiler
configure:4690: result: yes
configure:4699: checking whether gcc accepts -g
configure:4760: result: yes
configure:4777: checking for gcc option to accept ISO C89
configure:4854: result: none needed
configure:4876: checking dependency style of gcc
configure:4986: result: gcc3
configure:5009: checking how to run the C preprocessor
configure:5040: gcc -E  conftest.c
configure:5040: $? = 0
configure:5054: gcc -E  conftest.c
conftest.c:11:28: error: ac_nonexistent.h: No such file or directory
configure:5054: $? = 1
configure: failed program was:
| /* confdefs.h */
| #define PACKAGE_NAME ""
| #define PACKAGE_TARNAME ""
| #define PACKAGE_VERSION ""
| #define PACKAGE_STRING ""
| #define PACKAGE_BUGREPORT ""
| #define PACKAGE_URL ""
| #define PACKAGE "xcomtool"
| #define VERSION "0.1"
| /* end confdefs.h.  */
| #include <ac_nonexistent.h>
configure:5079: result: gcc -E
configure:5099: gcc -E  conftest.c
configure:5099: $? = 0
configure:5113: gcc -E  conftest.c
conftest.c:11:28: error: ac_nonexistent.h: No such file or directory
configure:5113: $? = 1
configure: failed program was:
| /* confdefs.h */
| #define PACKAGE_NAME ""
| #define PACKAGE_TARNAME ""
| #define PACKAGE_VERSION ""
| #define PACKAGE_STRING ""
| #define PACKAGE_BUGREPORT ""
| #define PACKAGE_URL ""
| #define PACKAGE "xcomtool"
| #define VERSION "0.1"
| /* end confdefs.h.  */
| #include <ac_nonexistent.h>
configure:5142: checking for grep that handles long lines and -e
configure:5200: result: /bin/grep
configure:5205: checking for egrep
configure:5267: result: /bin/grep -E
configure:5272: checking for ANSI C header files
configure:5292: gcc -c -g -O2  conftest.c >&5
configure:5292: $? = 0
configure:5365: gcc -o conftest -g -O2   conftest.c  >&5
configure:5365: $? = 0
configure:5365: ./conftest
configure:5365: $? = 0
configure:5376: result: yes
configure:5435: checking for pkg-config
configure:5453: found /usr/bin/pkg-config
configure:5465: result: /usr/bin/pkg-config
configure:5490: checking pkg-config is at least version 0.9.0
configure:5493: result: yes
configure:5504: checking for PACKAGE
configure:5512: $PKG_CONFIG --exists --print-errors "$pkg_modules"
configure:5515: $? = 0
configure:5530: $PKG_CONFIG --exists --print-errors "$pkg_modules"
configure:5533: $? = 0
configure:5588: result: yes
configure:5609: checking for sys/types.h
configure:5609: gcc -c -g -O2  conftest.c >&5
configure:5609: $? = 0
configure:5609: result: yes
configure:5609: checking for sys/stat.h
configure:5609: gcc -c -g -O2  conftest.c >&5
configure:5609: $? = 0
configure:5609: result: yes
configure:5609: checking for stdlib.h
configure:5609: gcc -c -g -O2  conftest.c >&5
configure:5609: $? = 0
configure:5609: result: yes
configure:5609: checking for string.h
configure:5609: gcc -c -g -O2  conftest.c >&5
configure:5609: $? = 0
configure:5609: result: yes
configure:5609: checking for memory.h
configure:5609: gcc -c -g -O2  conftest.c >&5
configure:5609: $? = 0
configure:5609: result: yes
configure:5609: checking for strings.h
configure:5609: gcc -c -g -O2  conftest.c >&5
configure:5609: $? = 0
configure:5609: result: yes
configure:5609: checking for inttypes.h
configure:5609: gcc -c -g -O2  conftest.c >&5
configure:5609: $? = 0
configure:5609: result: yes
configure:5609: checking for stdint.h
configure:5609: gcc -c -g -O2  conftest.c >&5
configure:5609: $? = 0
configure:5609: result: yes
configure:5609: checking for unistd.h
configure:5609: gcc -c -g -O2  conftest.c >&5
configure:5609: $? = 0
configure:5609: result: yes
configure:5625: checking locale.h usability
configure:5625: gcc -c -g -O2  conftest.c >&5
configure:5625: $? = 0
configure:5625: result: yes
configure:5625: checking locale.h presence
configure:5625: gcc -E  conftest.c
configure:5625: $? = 0
configure:5625: result: yes
configure:5625: checking for locale.h
configure:5625: result: yes
configure:5636: checking for LC_MESSAGES
configure:5652: gcc -o conftest -g -O2   conftest.c  >&5
configure:5652: $? = 0
configure:5660: result: yes
configure:5677: checking libintl.h usability
configure:5677: gcc -c -g -O2  conftest.c >&5
configure:5677: $? = 0
configure:5677: result: yes
configure:5677: checking libintl.h presence
configure:5677: gcc -E  conftest.c
configure:5677: $? = 0
configure:5677: result: yes
configure:5677: checking for libintl.h
configure:5677: result: yes
configure:5685: checking for ngettext in libc
configure:5703: gcc -o conftest -g -O2   conftest.c  >&5
configure:5703: $? = 0
configure:5712: result: yes
configure:5716: checking for dgettext in libc
configure:5734: gcc -o conftest -g -O2   conftest.c  >&5
configure:5734: $? = 0
configure:5743: result: yes
configure:5750: checking for bind_textdomain_codeset
configure:5750: gcc -o conftest -g -O2   conftest.c  >&5
configure:5750: $? = 0
configure:5750: result: yes
configure:6026: checking for msgfmt
configure:6053: result: /usr/bin/msgfmt
configure:6064: checking for dcgettext
configure:6064: gcc -o conftest -g -O2   conftest.c   >&5
conftest.c:49: warning: conflicting types for built-in function 'dcgettext'
configure:6064: $? = 0
configure:6064: result: yes
configure:6074: checking if msgfmt accepts -c
configure:6089: $MSGFMT -c -o /dev/null conftest.foo
configure:6092: $? = 0
configure:6094: result: yes
configure:6104: checking for gmsgfmt
configure:6135: result: /usr/bin/msgfmt
configure:6145: checking for xgettext
configure:6172: result: /usr/bin/xgettext
configure:6191: gcc -o conftest -g -O2   conftest.c   >&5
configure:6191: $? = 0
configure:6459: creating ./config.status

## ---------------- ##
## Cache variables. ##
## ---------------- ##

ac_cv_c_compiler_gnu='yes'
ac_cv_env_CC_set=''
ac_cv_env_CC_value=''
ac_cv_env_CFLAGS_set=''
ac_cv_env_CFLAGS_value=''
ac_cv_env_CPPFLAGS_set=''
ac_cv_env_CPPFLAGS_value=''
ac_cv_env_CPP_set=''
ac_cv_env_CPP_value=''
ac_cv_env_LDFLAGS_set=''
ac_cv_env_LDFLAGS_value=''
ac_cv_env_LIBS_set=''
ac_cv_env_LIBS_value=''
ac_cv_env_PACKAGE_CFLAGS_set=''
ac_cv_env_PACKAGE_CFLAGS_value=''
ac_cv_env_PACKAGE_LIBS_set=''
ac_cv_env_PACKAGE_LIBS_value=''
ac_cv_env_PKG_CONFIG_set=''
ac_cv_env_PKG_CONFIG_value=''
ac_cv_env_build_alias_set=''
ac_cv_env_build_alias_value=''
ac_cv_env_host_alias_set=''
ac_cv_env_host_alias_value=''
ac_cv_env_target_alias_set=''
ac_cv_env_target_alias_value=''
ac_cv_func_bind_textdomain_codeset='yes'
ac_cv_func_dcgettext='yes'
ac_cv_header_inttypes_h='yes'
ac_cv_header_libintl_h='yes'
ac_cv_header_locale_h='yes'
ac_cv_header_memory_h='yes'
ac_cv_header_stdc='yes'
ac_cv_header_stdint_h='yes'
ac_cv_header_stdlib_h='yes'
ac_cv_header_string_h='yes'
ac_cv_header_strings_h='yes'
ac_cv_header_sys_stat_h='yes'
ac_cv_header_sys_types_h='yes'
ac_cv_header_unistd_h='yes'
ac_cv_objext='o'
ac_cv_path_EGREP='/bin/grep -E'
ac_cv_path_GMSGFMT='/usr/bin/msgfmt'
ac_cv_path_GREP='/bin/grep'
ac_cv_path_MSGFMT='/usr/bin/msgfmt'
ac_cv_path_XGETTEXT='/usr/bin/xgettext'
ac_cv_path_ac_pt_PKG_CONFIG='/usr/bin/pkg-config'
ac_cv_path_install='/usr/bin/install -c'
ac_cv_path_mkdir='/bin/mkdir'
ac_cv_prog_AWK='gawk'
ac_cv_prog_CPP='gcc -E'
ac_cv_prog_ac_ct_CC='gcc'
ac_cv_prog_cc_c89=''
ac_cv_prog_cc_g='yes'
ac_cv_prog_make_make_set='yes'
ac_cv_search_strerror='none required'
am_cv_CC_dependencies_compiler_type='gcc3'
am_cv_prog_cc_stdc=''
am_cv_val_LC_MESSAGES='yes'
gt_cv_func_dgettext_libc='yes'
gt_cv_func_dgettext_libintl='no'
gt_cv_func_ngettext_libc='yes'
gt_cv_have_gettext='yes'
pkg_cv_PACKAGE_CFLAGS='-D_REENTRANT -I/usr/include/gtk-2.0 -I/usr/lib/gtk-2.0/include -I/usr/include/atk-1.0 -I/usr/include/cairo -I/usr/include/pango-1.0 -I/usr/include/pixman-1 -I/usr/include/freetype2 -I/usr/include/directfb -I/usr/include/libpng12 -I/usr/include/glib-2.0 -I/usr/lib/glib-2.0/include  '
pkg_cv_PACKAGE_LIBS='-lvte -lgtk-x11-2.0 -lgdk-x11-2.0 -latk-1.0 -lpangoft2-1.0 -lgdk_pixbuf-2.0 -lm -lpangocairo-1.0 -lgio-2.0 -lcairo -lpango-1.0 -lfreetype -lfontconfig -lgobject-2.0 -lgmodule-2.0 -lglib-2.0  '

## ----------------- ##
## Output variables. ##
## ----------------- ##

ACLOCAL='${SHELL} /home/helight/mywork/xgcom/missing --run aclocal-1.11'
AMDEPBACKSLASH='\'
AMDEP_FALSE='#'
AMDEP_TRUE=''
AMTAR='${SHELL} /home/helight/mywork/xgcom/missing --run tar'
AUTOCONF='${SHELL} /home/helight/mywork/xgcom/missing --run autoconf'
AUTOHEADER='${SHELL} /home/helight/mywork/xgcom/missing --run autoheader'
AUTOMAKE='${SHELL} /home/helight/mywork/xgcom/missing --run automake-1.11'
AWK='gawk'
CATALOGS=''
CATOBJEXT='.gmo'
CC='gcc'
CCDEPMODE='depmode=gcc3'
CFLAGS='-g -O2'
CPP='gcc -E'
CPPFLAGS=''
CYGPATH_W='echo'
DATADIRNAME='share'
DEFS='-DHAVE_CONFIG_H'
DEPDIR='.deps'
ECHO_C=''
ECHO_N='-n'
ECHO_T=''
EGREP='/bin/grep -E'
EXEEXT=''
GETTEXT_PACKAGE='xcomtool'
GMOFILES=''
GMSGFMT='/usr/bin/msgfmt'
GREP='/bin/grep'
INSTALL_DATA='${INSTALL} -m 644'
INSTALL_PROGRAM='${INSTALL}'
INSTALL_SCRIPT='${INSTALL}'
INSTALL_STRIP_PROGRAM='$(install_sh) -c -s'
INSTOBJEXT='.mo'
INTLLIBS=''
LDFLAGS=''
LIBOBJS=''
LIBS=''
LTLIBOBJS=''
MAINT=''
MAINTAINER_MODE_FALSE='#'
MAINTAINER_MODE_TRUE=''
MAKEINFO='${SHELL} /home/helight/mywork/xgcom/missing --run makeinfo'
MKDIR_P='/bin/mkdir -p'
MKINSTALLDIRS='./mkinstalldirs'
MSGFMT='/usr/bin/msgfmt'
MSGFMT_OPTS='-c'
OBJEXT='o'
PACKAGE='xcomtool'
PACKAGE_BUGREPORT=''
PACKAGE_CFLAGS='-D_REENTRANT -I/usr/include/gtk-2.0 -I/usr/lib/gtk-2.0/include -I/usr/include/atk-1.0 -I/usr/include/cairo -I/usr/include/pango-1.0 -I/usr/include/pixman-1 -I/usr/include/freetype2 -I/usr/include/directfb -I/usr/include/libpng12 -I/usr/include/glib-2.0 -I/usr/lib/glib-2.0/include  '
PACKAGE_LIBS='-lvte -lgtk-x11-2.0 -lgdk-x11-2.0 -latk-1.0 -lpangoft2-1.0 -lgdk_pixbuf-2.0 -lm -lpangocairo-1.0 -lgio-2.0 -lcairo -lpango-1.0 -lfreetype -lfontconfig -lgobject-2.0 -lgmodule-2.0 -lglib-2.0  '
PACKAGE_NAME=''
PACKAGE_STRING=''
PACKAGE_TARNAME=''
PACKAGE_URL=''
PACKAGE_VERSION=''
PATH_SEPARATOR=':'
PKG_CONFIG='/usr/bin/pkg-config'
POFILES=''
POSUB='po'
PO_IN_DATADIR_FALSE=''
PO_IN_DATADIR_TRUE=''
SET_MAKE=''
SHELL='/bin/sh'
STRIP=''
USE_NLS='yes'
VERSION='0.1'
XGETTEXT='/usr/bin/xgettext'
ac_ct_CC='gcc'
am__EXEEXT_FALSE=''
am__EXEEXT_TRUE='#'
am__fastdepCC_FALSE='#'
am__fastdepCC_TRUE=''
am__include='include'
am__isrc=''
am__leading_dot='.'
am__quote=''
am__tar='${AMTAR} chof - "$$tardir"'
am__untar='${AMTAR} xf -'
bindir='${exec_prefix}/bin'
build_alias=''
datadir='${datarootdir}'
datarootdir='${prefix}/share'
docdir='${datarootdir}/doc/${PACKAGE}'
dvidir='${docdir}'
exec_prefix='${prefix}'
host_alias=''
htmldir='${docdir}'
includedir='${prefix}/include'
infodir='${datarootdir}/info'
install_sh='${SHELL} /home/helight/mywork/xgcom/install-sh'
libdir='${exec_prefix}/lib'
libexecdir='${exec_prefix}/libexec'
localedir='${datarootdir}/locale'
localstatedir='${prefix}/var'
mandir='${datarootdir}/man'
mkdir_p='/bin/mkdir -p'
oldincludedir='/usr/include'
pdfdir='${docdir}'
prefix='/usr/local'
program_transform_name='s,x,x,'
psdir='${docdir}'
sbindir='${exec_prefix}/sbin'
sharedstatedir='${prefix}/com'
sysconfdir='${prefix}/etc'
target_alias=''

## ----------- ##
## confdefs.h. ##
## ----------- ##

/* confdefs.h */
#define PACKAGE_NAME ""
#define PACKAGE_TARNAME ""
#define PACKAGE_VERSION ""
#define PACKAGE_STRING ""
#define PACKAGE_BUGREPORT ""
#define PACKAGE_URL ""
#define PACKAGE "xcomtool"
#define VERSION "0.1"
#define STDC_HEADERS 1
#define GETTEXT_PACKAGE "xcomtool"
#define HAVE_SYS_TYPES_H 1
#define HAVE_SYS_STAT_H 1
#define HAVE_STDLIB_H 1
#define HAVE_STRING_H 1
#define HAVE_MEMORY_H 1
#define HAVE_STRINGS_H 1
#define HAVE_INTTYPES_H 1
#define HAVE_STDINT_H 1
#define HAVE_UNISTD_H 1
#define HAVE_LOCALE_H 1
#define HAVE_LC_MESSAGES 1
#define HAVE_BIND_TEXTDOMAIN_CODESET 1
#define HAVE_GETTEXT 1
#define HAVE_DCGETTEXT 1
#define ENABLE_NLS 1

configure: exit 0

## ---------------------- ##
## Running config.status. ##
## ---------------------- ##

This file was extended by config.status, which was
generated by GNU Autoconf 2.64.  Invocation command line was

  CONFIG_FILES    = 
  CONFIG_HEADERS  = 
  CONFIG_LINKS    = 
  CONFIG_COMMANDS = 
  $ ./config.status 

on zhwen

config.status:7405: creating Makefile
config.status:7405: creating src/Makefile
config.status:7405: creating po/Makefile.in
config.status:7405: creating config.h
config.status:7631: executing depfiles commands
config.status:7631: executing default-1 commands
